<?xml version="1.0" encoding="UTF-8"?>
<testsuite name="com.bridgelabz.YardFeetComparisonTest" tests="1" skipped="0" failures="0" errors="0" timestamp="2021-09-24T03:12:55" hostname="DESKTOP-5LTOQDU" time="0.041">
  <properties/>
  <testcase name="given0YardAnd1Yard_ShouldReturnNotEqual()" classname="com.bridgelabz.YardFeetComparisonTest" time="0.041"/>
  <system-out><![CDATA[]]></system-out>
  <system-err><![CDATA[]]></system-err>
</testsuite>
