<?xml version="1.0" encoding="UTF-8"?>
<testsuite name="com.bridgelabz.QuantityTest" tests="1" skipped="0" failures="0" errors="0" timestamp="2021-09-22T15:38:59" hostname="DESKTOP-5LTOQDU" time="0.037">
  <properties/>
  <testcase name="givenFeetAndInchFromDiffType_ShouldReturnNotEqual()" classname="com.bridgelabz.QuantityTest" time="0.037"/>
  <system-out><![CDATA[]]></system-out>
  <system-err><![CDATA[]]></system-err>
</testsuite>
